<?xml version="1.0" encoding="UTF-8"?>
<testsuite xmlns:xsi="http://www.w3.org/2001/XMLSchema-instance" xsi:noNamespaceSchemaLocation="https://maven.apache.org/surefire/maven-surefire-plugin/xsd/surefire-test-report-3.0.xsd" version="3.0" name="com.bolsadeideas.springboot.app.springbootweb.SpringBootWebApplicationTests" time="10.73" tests="1" errors="0" skipped="0" failures="0">
  <properties>
[...]
</properties>
  <testcase name="contextLoads" classname="com.bolsadeideas.springboot.app.springbootweb.SpringBootWebApplicationTests" time="2.66">
    <system-out><![CDATA[00:34:52.816 [main] INFO org.springframework.test.context.support.AnnotationConfigContextLoaderUtils -- Could not detect default configuration classes for test class [com.bolsadeideas.springboot.app.springbootweb.SpringBootWebApplicationTests]: SpringBootWebApplicationTests does not declare any static, non-private, non-final, nested classes annotated with @Configuration.
00:34:53.131 [main] INFO org.springframework.boot.test.context.SpringBootTestContextBootstrapper -- Found @SpringBootConfiguration com.bolsadeideas.springboot.app.springbootweb.SpringBootWebApplication for test class com.bolsadeideas.springboot.app.springbootweb.SpringBootWebApplicationTests
00:34:53.690 [main] INFO org.springframework.boot.devtools.restart.RestartApplicationListener -- Restart disabled due to context in which it is running

  .   ____          _            __ _ _
 /\\ / ___'_ __ _ _(_)_ __  __ _ \ \ \ \
( ( )\___ | '_ | '_| | '_ \/ _` | \ \ \ \
 \\/  ___)| |_)| | | | | || (_| |  ) ) ) )
  '  |____| .__|_| |_|_| |_\__, | / / / /
 =========|_|==============|___/=/_/_/_/
 :: Spring Boot ::                (v3.2.2)

2024-02-08T00:34:54.423+01:00  INFO 3556 --- [           main] c.b.s.a.s.SpringBootWebApplicationTests  : Starting SpringBootWebApplicationTests using Java 21.0.1 with PID 3556 (started by Llorenç in C:\Users\Llorenç\Desktop\Java\Curso\spring-boot-web)
2024-02-08T00:34:54.427+01:00  INFO 3556 --- [           main] c.b.s.a.s.SpringBootWebApplicationTests  : No active profile set, falling back to 1 default profile: "default"
2024-02-08T00:34:58.139+01:00  INFO 3556 --- [           main] o.s.b.a.w.s.WelcomePageHandlerMapping    : Adding welcome page template: index
2024-02-08T00:34:59.800+01:00  INFO 3556 --- [           main] o.s.b.a.e.web.EndpointLinksResolver      : Exposing 1 endpoint(s) beneath base path '/actuator'
2024-02-08T00:35:00.031+01:00  INFO 3556 --- [           main] c.b.s.a.s.SpringBootWebApplicationTests  : Started SpringBootWebApplicationTests in 6.39 seconds (process running for 9.259)
]]></system-out>
    <system-err><![CDATA[WARNING: A Java agent has been loaded dynamically (C:\Users\Llorenç\.m2\repository\net\bytebuddy\byte-buddy-agent\1.14.11\byte-buddy-agent-1.14.11.jar)
WARNING: If a serviceability tool is in use, please run with -XX:+EnableDynamicAgentLoading to hide this warning
WARNING: If a serviceability tool is not in use, please run with -Djdk.instrument.traceUsage for more information
WARNING: Dynamic loading of agents will be disallowed by default in a future release
]]></system-err>
  </testcase>
</testsuite>